<?xml version="1.0" encoding="UTF-8"?>
<!-- Generated by org.testng.reporters.JUnitReportReporter -->
<testsuite hostname="Mariyan" failures="0" tests="2" name="CreateProductTest.Products_Own_Test" time="26.266" errors="0" timestamp="2025-07-14T14:37:50 IST" skipped="0">
  <testcase classname="CreateProductTest.Products_Own_Test" name="createProductsWithVendorTest" time="14.051"/>
  <testcase classname="CreateProductTest.Products_Own_Test" name="createProductsTest" time="12.215"/>
</testsuite> <!-- CreateProductTest.Products_Own_Test -->
