<?xml version="1.0" encoding="UTF-8"?>
<!-- Generated by org.testng.reporters.JUnitReportReporter -->
<testsuite hostname="Mariyan" failures="0" tests="2" name="CreateOpportunityTest.Opportunity_Own_Test" time="32.179" errors="0" timestamp="2025-07-14T14:37:50 IST" skipped="0">
  <testcase classname="CreateOpportunityTest.Opportunity_Own_Test" name="createOppotunityWithOrganizationTest" time="17.392"/>
  <testcase classname="CreateOpportunityTest.Opportunity_Own_Test" name="createOppotunityWithContactTest" time="14.787"/>
</testsuite> <!-- CreateOpportunityTest.Opportunity_Own_Test -->
