<?xml version="1.0" encoding="UTF-8"?>
<!-- Generated by org.testng.reporters.JUnitReportReporter -->
<testsuite hostname="Mariyan" failures="0" tests="1" name="CampaignTest.CreateCampaignTest" time="18.848" errors="0" timestamp="2025-07-14T14:37:50 IST" skipped="0">
  <testcase classname="CampaignTest.CreateCampaignTest" name="createProductsTest" time="18.848"/>
</testsuite> <!-- CampaignTest.CreateCampaignTest -->
