<?xml version="1.0" encoding="UTF-8"?>
<!-- Generated by org.testng.reporters.JUnitReportReporter -->
<testsuite hostname="Mariyan" failures="0" tests="1" name="TroubleTicketTest.CreateTroubleTicketTest" time="26.287" errors="0" timestamp="2025-07-14T14:37:50 IST" skipped="0">
  <testcase classname="TroubleTicketTest.CreateTroubleTicketTest" name="createTroubleTicket" time="26.287"/>
</testsuite> <!-- TroubleTicketTest.CreateTroubleTicketTest -->
